Extracted HTML
Validation failed unexpectedly: Global Template Applied
Notification text (Length test): Global Template Applied
Traceback (most recent call last):
  File "/app/verify_spoof_validation.py", line 69, in <module>
    run(playwright)
  File "/app/verify_spoof_validation.py", line 26, in run
    assert "Invalid IMEI" in notification.inner_text()
           ^^^^^^^^^^^^^^^^^^^^^^^^^^^^^^^^^^^^^^^^^^^
AssertionError
Checking tabs...
Checking guide...
Checking keys...
Verification failed: Locator expected to be visible
Actual value: None
Error: strict mode violation: get_by_text("Remote Servers") resolved to 2 elements:
    1) <h3>Remote Servers</h3> aka get_by_role("heading", name="Remote Servers")
    2) <h4>2. Remote Servers</h4> aka get_by_text("2. Remote Servers")

Call log:
  - Expect "to_be_visible" with timeout 5000ms
  - waiting for get_by_text("Remote Servers")

Traceback (most recent call last):
  File "/app/verify_cbox.py", line 41, in <module>
    test_webui(page)
  File "/app/verify_cbox.py", line 34, in test_webui
    raise e
  File "/app/verify_cbox.py", line 23, in test_webui
    expect(page.get_by_text("Remote Servers")).to_be_visible()
  File "/home/jules/.pyenv/versions/3.12.12/lib/python3.12/site-packages/playwright/sync_api/_generated.py", line 20529, in to_be_visible
    self._sync(self._impl_obj.to_be_visible(visible=visible, timeout=timeout))
  File "/home/jules/.pyenv/versions/3.12.12/lib/python3.12/site-packages/playwright/_impl/_sync_base.py", line 115, in _sync
    return task.result()
           ^^^^^^^^^^^^^
  File "/home/jules/.pyenv/versions/3.12.12/lib/python3.12/site-packages/playwright/_impl/_assertions.py", line 765, in to_be_visible
    await self._expect_impl(
  File "/home/jules/.pyenv/versions/3.12.12/lib/python3.12/site-packages/playwright/_impl/_assertions.py", line 85, in _expect_impl
    raise AssertionError(
AssertionError: Locator expected to be visible
Actual value: None
Error: strict mode violation: get_by_text("Remote Servers") resolved to 2 elements:
    1) <h3>Remote Servers</h3> aka get_by_role("heading", name="Remote Servers")
    2) <h4>2. Remote Servers</h4> aka get_by_text("2. Remote Servers")

Call log:
  - Expect "to_be_visible" with timeout 5000ms
  - waiting for get_by_text("Remote Servers")


> Configure project :module
Use ccache: /usr/bin/ccache
WARNING: We recommend using a newer Android Gradle plugin to use compileSdk = 35

This Android Gradle plugin (8.5.1) was tested up to compileSdk = 34.

You are strongly encouraged to update your project to use a newer
Android Gradle plugin that has been tested with compileSdk = 35.

If you are already using the latest version of the Android Gradle plugin,
you may need to wait until a newer version with support for compileSdk = 35 is available.

For more information refer to the compatibility table:
https://d.android.com/r/tools/api-level-support

To suppress this warning, add/update
    android.suppressUnsupportedCompileSdk=36,35
to this project's gradle.properties.

> Task :encryptor-app:checkKotlinGradlePluginConfigurationErrors SKIPPED
> Task :encryptor-app:preBuild UP-TO-DATE
> Task :encryptor-app:preDebugBuild UP-TO-DATE
> Task :encryptor-app:checkDebugAarMetadata UP-TO-DATE
> Task :encryptor-app:generateDebugResValues UP-TO-DATE
> Task :encryptor-app:mapDebugSourceSetPaths UP-TO-DATE
> Task :encryptor-app:generateDebugResources UP-TO-DATE
> Task :encryptor-app:mergeDebugResources UP-TO-DATE
> Task :encryptor-app:packageDebugResources UP-TO-DATE
> Task :encryptor-app:parseDebugLocalResources UP-TO-DATE
> Task :encryptor-app:createDebugCompatibleScreenManifests UP-TO-DATE
> Task :encryptor-app:extractDeepLinksDebug UP-TO-DATE
> Task :encryptor-app:processDebugMainManifest UP-TO-DATE
> Task :encryptor-app:processDebugManifest UP-TO-DATE
> Task :encryptor-app:processDebugManifestForPackage UP-TO-DATE
> Task :encryptor-app:processDebugResources UP-TO-DATE
> Task :encryptor-app:compileDebugKotlin UP-TO-DATE
> Task :encryptor-app:javaPreCompileDebug UP-TO-DATE
> Task :encryptor-app:compileDebugJavaWithJavac NO-SOURCE
> Task :encryptor-app:bundleDebugClassesToRuntimeJar UP-TO-DATE
> Task :encryptor-app:bundleDebugClassesToCompileJar UP-TO-DATE
> Task :encryptor-app:compileDebugUnitTestKotlin UP-TO-DATE
> Task :encryptor-app:preDebugUnitTestBuild UP-TO-DATE
> Task :encryptor-app:javaPreCompileDebugUnitTest UP-TO-DATE
> Task :encryptor-app:compileDebugUnitTestJavaWithJavac NO-SOURCE
> Task :encryptor-app:processDebugJavaRes UP-TO-DATE
> Task :encryptor-app:processDebugUnitTestJavaRes UP-TO-DATE

> Task :encryptor-app:testDebugUnitTest

cleveres.tricky.encryptor.CryptoUtilsTest > testEncryptAndWriteCbox FAILED
    java.security.KeyStoreException at CryptoUtilsTest.kt:18
        Caused by: java.security.NoSuchAlgorithmException at CryptoUtilsTest.kt:18

1 test completed, 1 failed

> Task :encryptor-app:testDebugUnitTest FAILED

FAILURE: Build failed with an exception.

* What went wrong:
Execution failed for task ':encryptor-app:testDebugUnitTest'.
> There were failing tests. See the report at: file:///app/encryptor-app/build/reports/tests/testDebugUnitTest/index.html

* Try:
> Run with --scan to get full insights.

BUILD FAILED in 8s
22 actionable tasks: 1 executed, 21 up-to-date

--- FRONTEND TESTS ---
Starting server...
Extracting HTML...
Running: ['python3', 'verify_valid.py']
PASS
Running: ['python3', 'verify_spoof_validation.py']
FAIL: Command '['python3', 'verify_spoof_validation.py']' returned non-zero exit status 1.
Running: ['python3', 'verify_cbox.py']
FAIL: Command '['python3', 'verify_cbox.py']' returned non-zero exit status 1.
Stopping server...

--- ANDROID UNIT TESTS ---
Running: ['./gradlew', ':encryptor-app:testDebugUnitTest']
FAIL: Command '['./gradlew', ':encryptor-app:testDebugUnitTest']' returned non-zero exit status 1.

--- BUILD & VERIFICATION ---
Build: PASS
Running: ['python3', 'verify_final_build.py']
PASS

Final Verification Report:
BUILD_LOG: SUCCESS
APK_ENCRYPTOR (Debug): FOUND (7913451 bytes)
APK_SERVICE: MISSING

--- SUMMARY ---
verify_valid: PASS
verify_spoof_validation: FAIL
verify_cbox: FAIL
unit_tests: FAIL
build: PASS
verify_final_build: PASS

SOME TESTS FAILED
